\BOOKMARK [0][-]{chapter.1}{\376\377\000I\000n\000t\000r\000o\000d\000u\000c\000t\000i\000o\000n}{}% 1
\BOOKMARK [1][-]{section.1.1}{\376\377\000W\000h\000a\000t\000\040\000M\000a\000k\000e\000s\000\040\000P\000y\000t\000h\000o\000n\000\040\000a\000\040\000P\000r\000e\000f\000e\000r\000r\000e\000d\000\040\000C\000h\000o\000i\000c\000e\000?}{chapter.1}% 2
\BOOKMARK [2][-]{subsection.1.1.1}{\376\377\000S\000o\000f\000t\000w\000a\000r\000e\000\040\000q\000u\000a\000l\000i\000t\000y}{section.1.1}% 3
\BOOKMARK [2][-]{subsection.1.1.2}{\376\377\000D\000e\000v\000e\000l\000o\000p\000e\000r\000\040\000p\000r\000o\000d\000u\000c\000t\000i\000v\000i\000t\000y}{section.1.1}% 4
\BOOKMARK [2][-]{subsection.1.1.3}{\376\377\000P\000r\000o\000g\000r\000a\000m\000\040\000p\000o\000r\000t\000a\000b\000i\000l\000i\000t\000y}{section.1.1}% 5
\BOOKMARK [2][-]{subsection.1.1.4}{\376\377\000S\000u\000p\000p\000o\000r\000t\000\040\000l\000i\000b\000r\000a\000r\000i\000e\000s}{section.1.1}% 6
\BOOKMARK [2][-]{subsection.1.1.5}{\376\377\000C\000o\000m\000p\000o\000n\000e\000n\000t\000\040\000i\000n\000t\000e\000g\000r\000a\000t\000i\000o\000n}{section.1.1}% 7
\BOOKMARK [2][-]{subsection.1.1.6}{\376\377\000E\000n\000j\000o\000y\000m\000e\000n\000t}{section.1.1}% 8
\BOOKMARK [2][-]{subsection.1.1.7}{\376\377\000O\000k\000a\000y\000,\000\040\000b\000u\000t\000\040\000W\000h\000a\000t\000'\000s\000\040\000t\000h\000e\000\040\000D\000o\000w\000n\000s\000i\000d\000e\000?}{section.1.1}% 9
\BOOKMARK [1][-]{section.1.2}{\376\377\000W\000h\000o\000\040\000U\000s\000e\000s\000\040\000P\000y\000t\000h\000o\000n\000\040\000T\000o\000d\000a\000y\000?}{chapter.1}% 10
\BOOKMARK [1][-]{section.1.3}{\376\377\000W\000h\000a\000t\000\040\000C\000a\000n\000\040\000Y\000o\000u\000\040\000D\000o\000\040\000w\000i\000t\000h\000\040\000P\000y\000t\000h\000o\000n\000?}{chapter.1}% 11
\BOOKMARK [2][-]{subsection.1.3.1}{\376\377\000S\000y\000s\000t\000e\000m\000s\000\040\000P\000r\000o\000g\000r\000a\000m\000m\000i\000n\000g}{section.1.3}% 12
\BOOKMARK [2][-]{subsection.1.3.2}{\376\377\000G\000U\000I\000s}{section.1.3}% 13
\BOOKMARK [2][-]{subsection.1.3.3}{\376\377\000I\000n\000t\000e\000r\000n\000e\000t\000\040\000S\000c\000r\000i\000p\000t\000i\000n\000g}{section.1.3}% 14
\BOOKMARK [2][-]{subsection.1.3.4}{\376\377\000C\000o\000m\000p\000o\000n\000e\000n\000t\000\040\000I\000n\000t\000e\000g\000r\000a\000t\000i\000o\000n}{section.1.3}% 15
\BOOKMARK [2][-]{subsection.1.3.5}{\376\377\000D\000a\000t\000a\000b\000a\000s\000e\000\040\000P\000r\000o\000g\000r\000a\000m\000m\000i\000n\000g}{section.1.3}% 16
\BOOKMARK [2][-]{subsection.1.3.6}{\376\377\000R\000a\000p\000i\000d\000\040\000P\000r\000o\000t\000o\000t\000y\000p\000i\000n\000g}{section.1.3}% 17
\BOOKMARK [2][-]{subsection.1.3.7}{\376\377\000N\000u\000m\000e\000r\000i\000c\000\040\000a\000n\000d\000\040\000S\000c\000i\000e\000n\000t\000i\000f\000i\000c\000\040\000P\000r\000o\000g\000r\000a\000m\000m\000i\000n\000g}{section.1.3}% 18
\BOOKMARK [2][-]{subsection.1.3.8}{\376\377\000G\000a\000m\000i\000n\000g\000,\000\040\000I\000m\000a\000g\000e\000s\000,\000\040\000S\000e\000r\000i\000a\000l\000\040\000P\000o\000r\000t\000s\000,\000\040\000X\000M\000L\000,\000\040\000R\000o\000b\000o\000t\000s\000,\000\040\000a\000n\000d\000\040\000M\000o\000r\000e}{section.1.3}% 19
\BOOKMARK [1][-]{section.1.4}{\376\377\000H\000o\000w\000\040\000I\000s\000\040\000P\000y\000t\000h\000o\000n\000\040\000S\000u\000p\000p\000o\000r\000t\000e\000d\000?}{chapter.1}% 20
\BOOKMARK [1][-]{section.1.5}{\376\377\000W\000h\000a\000t\000\040\000A\000r\000e\000\040\000P\000y\000t\000h\000o\000n\000'\000s\000\040\000T\000e\000c\000h\000n\000i\000c\000a\000l\000\040\000S\000t\000r\000e\000n\000g\000t\000h\000s\000?}{chapter.1}% 21
\BOOKMARK [1][-]{section.1.6}{\376\377\000C\000o\000n\000c\000l\000u\000s\000i\000o\000n}{chapter.1}% 22
\BOOKMARK [0][-]{chapter.2}{\376\377\000I\000n\000s\000t\000a\000l\000l\000a\000t\000i\000o\000n}{}% 23
\BOOKMARK [1][-]{section.2.1}{\376\377\000P\000y\000t\000h\000o\000n\000\040\000o\000n\000\040\000L\000i\000n\000u\000x}{chapter.2}% 24
\BOOKMARK [1][-]{section.2.2}{\376\377\000P\000y\000t\000h\000o\000n\000\040\000o\000n\000\040\000m\000a\000c\000O\000S}{chapter.2}% 25
\BOOKMARK [1][-]{section.2.3}{\376\377\000P\000y\000t\000h\000o\000n\000\040\000o\000n\000\040\000W\000i\000n\000d\000o\000w\000s}{chapter.2}% 26
\BOOKMARK [1][-]{section.2.4}{\376\377\000I\000D\000E\000\040\000\050\000I\000n\000t\000e\000g\000r\000a\000t\000e\000d\000\040\000D\000e\000v\000e\000l\000o\000p\000m\000e\000n\000t\000\040\000E\000n\000v\000i\000r\000o\000n\000m\000e\000n\000t\000\051}{chapter.2}% 27
\BOOKMARK [0][-]{chapter.3}{\376\377\000Y\000o\000u\000r\000\040\000F\000i\000r\000s\000t\000\040\000P\000y\000t\000h\000o\000n\000\040\000P\000r\000o\000g\000r\000a\000m}{}% 28
\BOOKMARK [1][-]{section.3.1}{\376\377\000T\000h\000e\000\040\000p\000r\000i\000n\000t\000\050\000\051\000\040\000f\000u\000n\000c\000t\000i\000o\000n}{chapter.3}% 29
\BOOKMARK [1][-]{section.3.2}{\376\377\000U\000s\000i\000n\000g\000\040\000f\000-\000s\000t\000r\000i\000n\000g\000s\000\040\000w\000i\000t\000h\000\040\000t\000h\000e\000\040\000p\000r\000i\000n\000t\000\050\000\051\000\040\000f\000u\000n\000c\000t\000i\000o\000n}{chapter.3}% 30
\BOOKMARK [1][-]{section.3.3}{\376\377\000U\000s\000i\000n\000g\000\040\000t\000h\000e\000\040\000p\000r\000i\000n\000t\000\050\000\051\000\040\000f\000u\000n\000c\000t\000i\000o\000n\000'\000s\000\040\000p\000r\000o\000p\000e\000r\000t\000i\000e\000s}{chapter.3}% 31
\BOOKMARK [1][-]{section.3.4}{\376\377\000U\000s\000i\000n\000g\000\040\000t\000h\000e\000\040\000p\000r\000i\000n\000t\000\050\000\051\000.\000f\000o\000r\000m\000a\000t\000\050\000\051\000\040\000f\000u\000n\000c\000t\000i\000o\000n\000\040\000i\000n\000\040\000P\000y\000t\000h\000o\000n}{chapter.3}% 32
\BOOKMARK [1][-]{section.3.5}{\376\377\000P\000r\000o\000b\000l\000e\000m\000s}{chapter.3}% 33
\BOOKMARK [0][-]{chapter.4}{\376\377\000V\000a\000r\000i\000a\000b\000l\000e\000s\000\040\000a\000n\000d\000\040\000T\000y\000p\000e\000s}{}% 34
\BOOKMARK [1][-]{section.4.1}{\376\377\000P\000y\000t\000h\000o\000n\000'\000s\000\040\000C\000o\000r\000e\000\040\000D\000a\000t\000a\000\040\000T\000y\000p\000e\000s}{chapter.4}% 35
\BOOKMARK [1][-]{section.4.2}{\376\377\000N\000u\000m\000e\000r\000i\000c\000\040\000T\000y\000p\000e\000s}{chapter.4}% 36
\BOOKMARK [1][-]{section.4.3}{\376\377\000S\000e\000q\000u\000e\000n\000c\000e\000\040\000T\000y\000p\000e\000s}{chapter.4}% 37
\BOOKMARK [1][-]{section.4.4}{\376\377\000M\000a\000p\000p\000i\000n\000g\000\040\000T\000y\000p\000e}{chapter.4}% 38
\BOOKMARK [1][-]{section.4.5}{\376\377\000S\000e\000t\000\040\000T\000y\000p\000e\000s}{chapter.4}% 39
\BOOKMARK [1][-]{section.4.6}{\376\377\000B\000o\000o\000l\000e\000a\000n\000\040\000T\000y\000p\000e}{chapter.4}% 40
\BOOKMARK [1][-]{section.4.7}{\376\377\000B\000i\000n\000a\000r\000y\000\040\000T\000y\000p\000e\000s}{chapter.4}% 41
\BOOKMARK [1][-]{section.4.8}{\376\377\000P\000r\000o\000b\000l\000e\000m\000s\000\040\000a\000n\000d\000\040\000S\000o\000l\000u\000t\000i\000o\000n\000s}{chapter.4}% 42
\BOOKMARK [0][-]{chapter.5}{\376\377\000O\000p\000e\000r\000a\000t\000o\000r\000s}{}% 43
\BOOKMARK [1][-]{section.5.1}{\376\377\000A\000r\000i\000t\000h\000m\000e\000t\000i\000c\000\040\000O\000p\000e\000r\000a\000t\000o\000r\000s}{chapter.5}% 44
\BOOKMARK [1][-]{section.5.2}{\376\377\000M\000a\000t\000h\000e\000m\000a\000t\000i\000c\000a\000l\000\040\000F\000u\000n\000c\000t\000i\000o\000n\000s}{chapter.5}% 45
\BOOKMARK [1][-]{section.5.3}{\376\377\000C\000o\000m\000p\000a\000r\000i\000s\000o\000n\000\040\000O\000p\000e\000r\000a\000t\000o\000r\000s}{chapter.5}% 46
\BOOKMARK [1][-]{section.5.4}{\376\377\000A\000s\000s\000i\000g\000n\000m\000e\000n\000t\000\040\000O\000p\000e\000r\000a\000t\000o\000r\000s}{chapter.5}% 47
\BOOKMARK [1][-]{section.5.5}{\376\377\000S\000e\000t\000\040\000O\000p\000e\000r\000a\000t\000i\000o\000n\000s}{chapter.5}% 48
\BOOKMARK [1][-]{section.5.6}{\376\377\000L\000o\000g\000i\000c\000a\000l\000\040\000O\000p\000e\000r\000a\000t\000o\000r\000s}{chapter.5}% 49
\BOOKMARK [1][-]{section.5.7}{\376\377\000B\000i\000t\000w\000i\000s\000e\000\040\000O\000p\000e\000r\000a\000t\000o\000r\000s}{chapter.5}% 50
\BOOKMARK [1][-]{section.5.8}{\376\377\000N\000u\000m\000b\000e\000r\000\040\000B\000a\000s\000e\000\040\000C\000o\000n\000v\000e\000r\000s\000i\000o\000n\000\040\000F\000u\000n\000c\000t\000i\000o\000n\000s}{chapter.5}% 51
\BOOKMARK [1][-]{section.5.9}{\376\377\000P\000r\000o\000b\000l\000e\000m\000s\000\040\000a\000n\000d\000\040\000S\000o\000l\000u\000t\000i\000o\000n\000s}{chapter.5}% 52
\BOOKMARK [0][-]{chapter.6}{\376\377\000C\000o\000n\000t\000r\000o\000l\000\040\000F\000l\000o\000w}{}% 53
\BOOKMARK [1][-]{section.6.1}{\376\377\000I\000f\000\040\000S\000t\000a\000t\000e\000m\000e\000n\000t\000s}{chapter.6}% 54
\BOOKMARK [1][-]{section.6.2}{\376\377\000W\000h\000i\000l\000e\000\040\000L\000o\000o\000p\000s}{chapter.6}% 55
\BOOKMARK [1][-]{section.6.3}{\376\377\000F\000o\000r\000\040\000L\000o\000o\000p\000s}{chapter.6}% 56
\BOOKMARK [1][-]{section.6.4}{\376\377\000B\000r\000e\000a\000k\000,\000\040\000C\000o\000n\000t\000i\000n\000u\000e\000,\000\040\000a\000n\000d\000\040\000P\000a\000s\000s}{chapter.6}% 57
\BOOKMARK [1][-]{section.6.5}{\376\377\000C\000o\000n\000c\000l\000u\000s\000i\000o\000n}{chapter.6}% 58
\BOOKMARK [1][-]{section.6.6}{\376\377\000P\000r\000o\000b\000l\000e\000m\000s\000\040\000a\000n\000d\000\040\000s\000o\000l\000u\000t\000i\000o\000n\000s}{chapter.6}% 59
\BOOKMARK [0][-]{chapter.7}{\376\377\000F\000u\000n\000c\000t\000i\000o\000n\000s}{}% 60
\BOOKMARK [1][-]{section.7.1}{\376\377\000C\000a\000l\000l\000i\000n\000g\000\040\000a\000\040\000F\000u\000n\000c\000t\000i\000o\000n}{chapter.7}% 61
\BOOKMARK [1][-]{section.7.2}{\376\377\000P\000a\000r\000a\000m\000e\000t\000e\000r\000s\000\040\000a\000n\000d\000\040\000A\000r\000g\000u\000m\000e\000n\000t\000s}{chapter.7}% 62
\BOOKMARK [1][-]{section.7.3}{\376\377\000R\000e\000t\000u\000r\000n\000\040\000V\000a\000l\000u\000e\000s}{chapter.7}% 63
\BOOKMARK [1][-]{section.7.4}{\376\377\000D\000e\000f\000a\000u\000l\000t\000\040\000P\000a\000r\000a\000m\000e\000t\000e\000r\000\040\000V\000a\000l\000u\000e}{chapter.7}% 64
\BOOKMARK [1][-]{section.7.5}{\376\377\000M\000u\000l\000t\000i\000p\000l\000e\000\040\000P\000a\000r\000a\000m\000e\000t\000e\000r\000s\000\040\000a\000n\000d\000\040\000A\000r\000g\000u\000m\000e\000n\000t\000s}{chapter.7}% 65
\BOOKMARK [1][-]{section.7.6}{\376\377\000V\000a\000r\000i\000a\000b\000l\000e\000-\000l\000e\000n\000g\000t\000h\000\040\000A\000r\000g\000u\000m\000e\000n\000t\000s}{chapter.7}% 66
\BOOKMARK [1][-]{section.7.7}{\376\377\000F\000u\000n\000c\000t\000i\000o\000n\000\040\000A\000n\000n\000o\000t\000a\000t\000i\000o\000n\000s}{chapter.7}% 67
\BOOKMARK [1][-]{section.7.8}{\376\377\000D\000o\000c\000s\000t\000r\000i\000n\000g\000s}{chapter.7}% 68
\BOOKMARK [1][-]{section.7.9}{\376\377\000F\000i\000r\000s\000t\000-\000C\000l\000a\000s\000s\000\040\000F\000u\000n\000c\000t\000i\000o\000n\000s}{chapter.7}% 69
\BOOKMARK [1][-]{section.7.10}{\376\377\000C\000l\000o\000s\000u\000r\000e\000s}{chapter.7}% 70
\BOOKMARK [1][-]{section.7.11}{\376\377\000D\000e\000c\000o\000r\000a\000t\000o\000r\000s}{chapter.7}% 71
\BOOKMARK [1][-]{section.7.12}{\376\377\000R\000e\000c\000u\000r\000s\000i\000v\000e\000\040\000F\000u\000n\000c\000t\000i\000o\000n\000s}{chapter.7}% 72
\BOOKMARK [1][-]{section.7.13}{\376\377\000L\000a\000m\000b\000d\000a\000\040\000F\000u\000n\000c\000t\000i\000o\000n\000s}{chapter.7}% 73
\BOOKMARK [1][-]{section.7.14}{\376\377\000P\000r\000o\000b\000l\000e\000m\000s\000\040\000o\000n\000\040\000F\000u\000n\000c\000t\000i\000o\000n\000s}{chapter.7}% 74
\BOOKMARK [0][-]{chapter.8}{\376\377\000O\000b\000j\000e\000c\000t\000-\000O\000r\000i\000e\000n\000t\000e\000d\000\040\000P\000r\000o\000g\000r\000a\000m\000m\000i\000n\000g}{}% 75
\BOOKMARK [1][-]{section.8.1}{\376\377\000C\000l\000a\000s\000s\000e\000s\000\040\000a\000n\000d\000\040\000O\000b\000j\000e\000c\000t\000s}{chapter.8}% 76
\BOOKMARK [1][-]{section.8.2}{\376\377\000I\000n\000h\000e\000r\000i\000t\000a\000n\000c\000e}{chapter.8}% 77
\BOOKMARK [1][-]{section.8.3}{\376\377\000E\000n\000c\000a\000p\000s\000u\000l\000a\000t\000i\000o\000n\000\040\000a\000n\000d\000\040\000D\000a\000t\000a\000\040\000H\000i\000d\000i\000n\000g}{chapter.8}% 78
\BOOKMARK [1][-]{section.8.4}{\376\377\000P\000o\000l\000y\000m\000o\000r\000p\000h\000i\000s\000m}{chapter.8}% 79
\BOOKMARK [1][-]{section.8.5}{\376\377\000C\000o\000m\000p\000o\000s\000i\000t\000i\000o\000n}{chapter.8}% 80
\BOOKMARK [1][-]{section.8.6}{\376\377\000G\000e\000n\000e\000r\000a\000l\000\040\000C\000a\000s\000e\000\040\000o\000f\000\040\000U\000s\000a\000g\000e\000\040\000a\000n\000d\000\040\000S\000i\000m\000p\000l\000e\000\040\000E\000x\000a\000m\000p\000l\000e}{chapter.8}% 81
\BOOKMARK [1][-]{section.8.7}{\376\377\000P\000r\000o\000b\000l\000e\000m\000s\000\040\000o\000n\000\040\000O\000O\000P}{chapter.8}% 82
\BOOKMARK [0][-]{chapter.9}{\376\377\000T\000u\000r\000t\000l\000e\000\040\000l\000i\000b\000r\000a\000r\000y}{}% 83
\BOOKMARK [1][-]{section.9.1}{\376\377\000G\000e\000n\000e\000r\000a\000l\000\040\000o\000p\000e\000r\000a\000t\000i\000o\000n\000s\000\040\000o\000n\000\040\000t\000h\000e\000\040\000T\000u\000r\000t\000l\000e\000\040\000p\000s\000e\000u\000d\000o\000\040\000o\000b\000j\000e\000c\000t}{chapter.9}% 84
\BOOKMARK [1][-]{section.9.2}{\376\377\000C\000h\000a\000n\000g\000i\000n\000g\000\040\000t\000h\000e\000\040\000p\000e\000n\000\040\000c\000o\000l\000o\000r\000\040\000a\000n\000d\000\040\000f\000i\000l\000l\000i\000n\000g\000\040\000s\000h\000a\000p\000e\000s}{chapter.9}% 85
\BOOKMARK [1][-]{section.9.3}{\376\377\000C\000h\000a\000n\000g\000i\000n\000g\000\040\000t\000h\000e\000\040\000p\000e\000n\000\040\000s\000i\000z\000e}{chapter.9}% 86
\BOOKMARK [0][-]{chapter.10}{\376\377\000C\000o\000m\000p\000l\000e\000x\000\040\000P\000y\000t\000h\000o\000n\000\040\000P\000r\000o\000g\000r\000a\000m\000s}{}% 87
\BOOKMARK [1][-]{section.10.1}{\376\377\000F\000a\000c\000t\000o\000r\000i\000a\000l\000\040\000F\000u\000n\000c\000t\000i\000o\000n}{chapter.10}% 88
\BOOKMARK [1][-]{section.10.2}{\376\377\000F\000i\000b\000o\000n\000a\000c\000c\000i\000\040\000S\000e\000q\000u\000e\000n\000c\000e}{chapter.10}% 89
\BOOKMARK [1][-]{section.10.3}{\376\377\000F\000a\000c\000t\000o\000r\000i\000a\000l\000\040\000F\000u\000n\000c\000t\000i\000o\000n\000\040\000w\000i\000t\000h\000\040\000D\000y\000n\000a\000m\000i\000c\000\040\000P\000r\000o\000g\000r\000a\000m\000m\000i\000n\000g}{chapter.10}% 90
\BOOKMARK [1][-]{section.10.4}{\376\377\000F\000i\000b\000o\000n\000a\000c\000c\000i\000\040\000S\000e\000q\000u\000e\000n\000c\000e\000\040\000w\000i\000t\000h\000\040\000D\000y\000n\000a\000m\000i\000c\000\040\000P\000r\000o\000g\000r\000a\000m\000m\000i\000n\000g}{chapter.10}% 91
\BOOKMARK [1][-]{section.10.5}{\376\377\000S\000o\000r\000t\000i\000n\000g\000\040\000A\000l\000g\000o\000r\000i\000t\000h\000m\000:\000\040\000B\000u\000b\000b\000l\000e\000\040\000S\000o\000r\000t}{chapter.10}% 92
\BOOKMARK [1][-]{section.10.6}{\376\377\000P\000r\000i\000m\000e\000\040\000N\000u\000m\000b\000e\000r\000s}{chapter.10}% 93
\BOOKMARK [0][-]{chapter.11}{\376\377\000D\000a\000t\000a\000\040\000S\000t\000r\000u\000c\000t\000u\000r\000e\000s\000\040\000i\000n\000\040\000P\000y\000t\000h\000o\000n}{}% 94
\BOOKMARK [1][-]{section.11.1}{\376\377\000L\000i\000s\000t\000s}{chapter.11}% 95
\BOOKMARK [1][-]{section.11.2}{\376\377\000T\000u\000p\000l\000e\000s}{chapter.11}% 96
\BOOKMARK [1][-]{section.11.3}{\376\377\000S\000e\000t\000s}{chapter.11}% 97
\BOOKMARK [1][-]{section.11.4}{\376\377\000D\000i\000c\000t\000i\000o\000n\000a\000r\000i\000e\000s}{chapter.11}% 98
\BOOKMARK [0][-]{chapter.12}{\376\377\000P\000r\000o\000j\000e\000c\000t\000s\000\040\000a\000n\000d\000\040\000t\000r\000a\000i\000n\000i\000n\000g\000\040\000w\000i\000t\000h\000\040\000T\000a\000s\000k\000s}{}% 99
\BOOKMARK [1][-]{section.12.1}{\376\377\000P\000r\000o\000j\000e\000c\000t\000\040\0001}{chapter.12}% 100
\BOOKMARK [1][-]{section.12.2}{\376\377\000P\000r\000o\000j\000e\000c\000t\000\040\0002\000\040\000s\000p\000e\000c\000i\000f\000i\000c\000a\000t\000i\000o\000n}{chapter.12}% 101
\BOOKMARK [1][-]{section.12.3}{\376\377\000P\000r\000o\000j\000e\000c\000t\000\040\0003\000\040\000s\000p\000e\000c\000i\000f\000i\000c\000a\000t\000i\000o\000n}{chapter.12}% 102
\BOOKMARK [1][-]{section.12.4}{\376\377\000S\000p\000e\000c\000i\000f\000i\000c\000a\000t\000i\000o\000n\000\040\000o\000f\000\040\000t\000h\000e\000\040\000P\000r\000o\000j\000e\000c\000t\000\040\0004}{chapter.12}% 103
\BOOKMARK [1][-]{section.12.5}{\376\377\000S\000p\000e\000c\000i\000f\000i\000c\000a\000t\000i\000o\000n\000\040\000o\000f\000\040\000t\000h\000e\000\040\000P\000r\000o\000j\000e\000c\000t\000\040\0005}{chapter.12}% 104
\BOOKMARK [1][-]{section.12.6}{\376\377\000S\000p\000e\000c\000i\000f\000i\000c\000a\000t\000i\000o\000n\000\040\000o\000f\000\040\000t\000h\000e\000\040\000P\000r\000o\000j\000e\000c\000t\000\040\0006}{chapter.12}% 105
\BOOKMARK [1][-]{section.12.7}{\376\377\000S\000p\000e\000c\000i\000f\000i\000c\000a\000t\000i\000o\000n\000\040\000o\000f\000\040\000t\000h\000e\000\040\000P\000r\000o\000j\000e\000c\000t\000\040\0007}{chapter.12}% 106
\BOOKMARK [1][-]{section.12.8}{\376\377\000S\000p\000e\000c\000i\000f\000i\000c\000a\000t\000i\000o\000n\000\040\000o\000f\000\040\000t\000h\000e\000\040\000P\000r\000o\000j\000e\000c\000t\000\040\0008}{chapter.12}% 107
\BOOKMARK [1][-]{section.12.9}{\376\377\000S\000p\000e\000c\000i\000f\000i\000c\000a\000t\000i\000o\000n\000\040\000o\000f\000\040\000t\000h\000e\000\040\000P\000r\000o\000j\000e\000c\000t\000\040\0009}{chapter.12}% 108
\BOOKMARK [1][-]{section.12.10}{\376\377\000S\000p\000e\000c\000i\000f\000i\000c\000a\000t\000i\000o\000n\000\040\000o\000f\000\040\000t\000h\000e\000\040\000P\000r\000o\000j\000e\000c\000t\000\040\0001\0000}{chapter.12}% 109
\BOOKMARK [0][-]{chapter.13}{\376\377\000S\000p\000e\000c\000i\000f\000i\000c\000a\000t\000i\000o\000n\000\040\000t\000a\000s\000k\000s\000\040\000"\000S\000"}{}% 110
\BOOKMARK [1][-]{section.13.1}{\376\377\000T\000a\000s\000k\000\040\000S\0001}{chapter.13}% 111
\BOOKMARK [1][-]{section.13.2}{\376\377\000T\000a\000s\000k\000\040\000S\0002}{chapter.13}% 112
\BOOKMARK [1][-]{section.13.3}{\376\377\000T\000a\000s\000k\000\040\000S\0003}{chapter.13}% 113
\BOOKMARK [1][-]{section.13.4}{\376\377\000T\000a\000s\000k\000\040\000S\0004}{chapter.13}% 114
\BOOKMARK [1][-]{section.13.5}{\376\377\000T\000a\000s\000k\000\040\000S\0005}{chapter.13}% 115
\BOOKMARK [0][-]{chapter.14}{\376\377\000A\000d\000d\000i\000t\000i\000o\000n\000a\000l\000\040\000"\000P\000"\000\040\000t\000a\000s\000k\000s\000\040\000f\000o\000r\000\040\000m\000i\000n\000i\000-\000p\000r\000o\000j\000e\000c\000t\000s}{}% 116
\BOOKMARK [1][-]{section.14.1}{\376\377\000P\000r\000o\000j\000e\000c\000t\000\040\0001\000:\000\040\000T\000u\000r\000t\000l\000e\000\040\000d\000r\000a\000w\000i\000n\000g\000\040}{chapter.14}% 117
\BOOKMARK [1][-]{section.14.2}{\376\377\000P\000r\000o\000j\000e\000c\000t\000\040\0002\000:\000\040\000N\000u\000m\000b\000e\000r\000\040\000G\000u\000e\000s\000s\000i\000n\000g\000\040\000G\000a\000m\000e}{chapter.14}% 118
\BOOKMARK [1][-]{section.14.3}{\376\377\000P\000r\000o\000j\000e\000c\000t\000\040\0003\000:\000\040\000T\000o\000-\000D\000o\000\040\000L\000i\000s\000t}{chapter.14}% 119
\BOOKMARK [1][-]{section.14.4}{\376\377\000P\000r\000o\000j\000e\000c\000t\000\040\0004\000:\000\040\000S\000i\000m\000p\000l\000e\000\040\000C\000a\000l\000c\000u\000l\000a\000t\000o\000r}{chapter.14}% 120
\BOOKMARK [1][-]{section.14.5}{\376\377\000P\000r\000o\000j\000e\000c\000t\000\040\0005\000:\000\040\000H\000a\000n\000g\000m\000a\000n\000\040\000G\000a\000m\000e}{chapter.14}% 121
\BOOKMARK [0][-]{chapter.15}{\376\377\000A\000d\000d\000i\000t\000i\000o\000n\000a\000l\000\040\000r\000e\000f\000e\000r\000e\000n\000c\000e\000s}{}% 122
\BOOKMARK [1][-]{section.15.1}{\376\377\000M\000a\000n\000u\000a\000l\000\040\000N\000u\000m\000b\000e\000r\000\040\000B\000a\000s\000e\000\040\000C\000o\000n\000v\000e\000r\000s\000i\000o\000n}{chapter.15}% 123
\BOOKMARK [2][-]{subsection.15.1.1}{\376\377\000B\000i\000n\000a\000r\000y\000\040\000t\000o\000\040\000D\000e\000c\000i\000m\000a\000l\000\040\000C\000o\000n\000v\000e\000r\000s\000i\000o\000n}{section.15.1}% 124
\BOOKMARK [2][-]{subsection.15.1.2}{\376\377\000D\000e\000c\000i\000m\000a\000l\000\040\000t\000o\000\040\000B\000i\000n\000a\000r\000y\000\040\000C\000o\000n\000v\000e\000r\000s\000i\000o\000n}{section.15.1}% 125
\BOOKMARK [2][-]{subsection.15.1.3}{\376\377\000D\000e\000c\000i\000m\000a\000l\000\040\000t\000o\000\040\000H\000e\000x\000a\000d\000e\000c\000i\000m\000a\000l\000\040\000C\000o\000n\000v\000e\000r\000s\000i\000o\000n}{section.15.1}% 126
\BOOKMARK [1][-]{section.15.2}{\376\377\000A\000\040\000D\000e\000e\000p\000\040\000D\000i\000v\000e\000\040\000i\000n\000t\000o\000\040\000t\000h\000e\000\040\000Q\000u\000a\000d\000r\000a\000t\000i\000c\000\040\000E\000q\000u\000a\000t\000i\000o\000n}{chapter.15}% 127
\BOOKMARK [1][-]{section.15.3}{\376\377\000S\000o\000l\000v\000i\000n\000g\000\040\000S\000e\000c\000o\000n\000d\000\040\000O\000r\000d\000e\000r\000\040\000E\000q\000u\000a\000t\000i\000o\000n\000s}{chapter.15}% 128
